This file contains any messages produced by compilers while
running configure, to aid debugging if configure makes a mistake.

It was created by dns2tcp configure 0.5, which was
generated by GNU Autoconf 2.64.  Invocation command line was

  $ ./configure 

## --------- ##
## Platform. ##
## --------- ##

hostname = tummys-Mac.local
uname -m = x86_64
uname -r = 13.0.0
uname -s = Darwin
uname -v = Darwin Kernel Version 13.0.0: Thu Sep 19 22:22:27 PDT 2013; root:xnu-2422.1.72~6/RELEASE_X86_64

/usr/bin/uname -p = i386
/bin/uname -X     = unknown

/bin/arch              = unknown
/usr/bin/arch -k       = unknown
/usr/convex/getsysinfo = unknown
/usr/bin/hostinfo      = Mach kernel version:
	 Darwin Kernel Version 13.0.0: Thu Sep 19 22:22:27 PDT 2013; root:xnu-2422.1.72~6/RELEASE_X86_64
Kernel configured for up to 2 processors.
2 processors are physically available.
2 processors are logically available.
Processor type: i486 (Intel 80486)
Processors active: 0 1
Primary memory available: 2.00 gigabytes
Default processor set: 146 tasks, 607 threads, 2 processors
Load average: 1.18, Mach factor: 0.87
/bin/machine           = unknown
/usr/bin/oslevel       = unknown
/bin/universe          = unknown

PATH: /Users/tummy/.rvm/gems/ruby-2.0.0-p247/bin
PATH: /Users/tummy/.rvm/gems/ruby-2.0.0-p247@global/bin
PATH: /Users/tummy/.rvm/rubies/ruby-2.0.0-p247/bin
PATH: /Users/tummy/.rvm/bin
PATH: /Users/tummy/perl5/bin
PATH: /opt/local/bin
PATH: /opt/local/sbin
PATH: /usr/bin
PATH: /bin
PATH: /usr/sbin
PATH: /sbin
PATH: /usr/local/bin


## ----------- ##
## Core tests. ##
## ----------- ##

configure:2090: checking for a BSD-compatible install
configure:2158: result: /opt/local/bin/ginstall -c
configure:2169: checking whether build environment is sane
configure:2219: result: yes
configure:2360: checking for a thread-safe mkdir -p
configure:2399: result: /opt/local/bin/gmkdir -p
configure:2412: checking for gawk
configure:2428: found /opt/local/bin/gawk
configure:2439: result: gawk
configure:2450: checking whether make sets $(MAKE)
configure:2472: result: yes
configure:2602: checking for gcc
configure:2618: found /usr/bin/gcc
configure:2629: result: gcc
configure:2858: checking for C compiler version
configure:2867: gcc --version >&5
Apple LLVM version 5.0 (clang-500.2.79) (based on LLVM 3.3svn)
Target: x86_64-apple-darwin13.0.0
Thread model: posix
Configured with: --prefix=/Applications/Xcode.app/Contents/Developer/usr --with-gxx-include-dir=/usr/include/c++/4.2.1
configure:2878: $? = 0
configure:2867: gcc -v >&5
Configured with: --prefix=/Applications/Xcode.app/Contents/Developer/usr --with-gxx-include-dir=/usr/include/c++/4.2.1
Apple LLVM version 5.0 (clang-500.2.79) (based on LLVM 3.3svn)
Target: x86_64-apple-darwin13.0.0
Thread model: posix
configure:2878: $? = 0
configure:2867: gcc -V >&5
clang: error: argument to '-V' is missing (expected 1 value)
clang: error: no input files
configure:2878: $? = 1
configure:2867: gcc -qversion >&5
clang: error: no input files
configure:2878: $? = 1
configure:2900: checking for C compiler default output file name
configure:2922: gcc    conftest.c  >&5
configure:2926: $? = 0
configure:2963: result: a.out
configure:2979: checking whether the C compiler works
configure:2988: ./a.out
configure:2992: $? = 0
configure:3007: result: yes
configure:3014: checking whether we are cross compiling
configure:3016: result: no
configure:3019: checking for suffix of executables
configure:3026: gcc -o conftest    conftest.c  >&5
configure:3030: $? = 0
configure:3052: result: 
configure:3058: checking for suffix of object files
configure:3080: gcc -c   conftest.c >&5
configure:3084: $? = 0
configure:3105: result: o
configure:3109: checking whether we are using the GNU C compiler
configure:3128: gcc -c   conftest.c >&5
configure:3128: $? = 0
configure:3137: result: yes
configure:3146: checking whether gcc accepts -g
configure:3166: gcc -c -g  conftest.c >&5
configure:3166: $? = 0
configure:3207: result: yes
configure:3224: checking for gcc option to accept ISO C89
configure:3288: gcc  -c -g -O2  conftest.c >&5
configure:3288: $? = 0
configure:3301: result: none needed
configure:3332: checking for style of include used by make
configure:3360: result: GNU
configure:3385: checking dependency style of gcc
configure:3495: result: gcc3
configure:3517: checking build system type
configure:3531: result: i386-apple-darwin13.0.0
configure:3551: checking host system type
configure:3564: result: i386-apple-darwin13.0.0
configure:3618: checking how to run the C preprocessor
configure:3649: gcc -E  conftest.c
configure:3649: $? = 0
configure:3663: gcc -E  conftest.c
conftest.c:11:10: fatal error: 'ac_nonexistent.h' file not found
#include <ac_nonexistent.h>
         ^
1 error generated.
configure:3663: $? = 1
configure: failed program was:
| /* confdefs.h */
| #define PACKAGE_NAME "dns2tcp"
| #define PACKAGE_TARNAME "dns2tcp"
| #define PACKAGE_VERSION "0.5"
| #define PACKAGE_STRING "dns2tcp 0.5"
| #define PACKAGE_BUGREPORT ""
| #define PACKAGE_URL ""
| #define PACKAGE "dns2tcp"
| #define VERSION "0.5"
| /* end confdefs.h.  */
| #include <ac_nonexistent.h>
configure:3688: result: gcc -E
configure:3708: gcc -E  conftest.c
configure:3708: $? = 0
configure:3722: gcc -E  conftest.c
conftest.c:11:10: fatal error: 'ac_nonexistent.h' file not found
#include <ac_nonexistent.h>
         ^
1 error generated.
configure:3722: $? = 1
configure: failed program was:
| /* confdefs.h */
| #define PACKAGE_NAME "dns2tcp"
| #define PACKAGE_TARNAME "dns2tcp"
| #define PACKAGE_VERSION "0.5"
| #define PACKAGE_STRING "dns2tcp 0.5"
| #define PACKAGE_BUGREPORT ""
| #define PACKAGE_URL ""
| #define PACKAGE "dns2tcp"
| #define VERSION "0.5"
| /* end confdefs.h.  */
| #include <ac_nonexistent.h>
configure:3751: checking for grep that handles long lines and -e
configure:3809: result: /usr/bin/grep
configure:3814: checking for egrep
configure:3876: result: /usr/bin/grep -E
configure:3881: checking for ANSI C header files
configure:3901: gcc -c -g -O2  conftest.c >&5
configure:3901: $? = 0
configure:3974: gcc -o conftest -g -O2   conftest.c  >&5
configure:3974: $? = 0
configure:3974: ./conftest
configure:3974: $? = 0
configure:3985: result: yes
configure:3998: checking for sys/types.h
configure:3998: gcc -c -g -O2  conftest.c >&5
configure:3998: $? = 0
configure:3998: result: yes
configure:3998: checking for sys/stat.h
configure:3998: gcc -c -g -O2  conftest.c >&5
configure:3998: $? = 0
configure:3998: result: yes
configure:3998: checking for stdlib.h
configure:3998: gcc -c -g -O2  conftest.c >&5
configure:3998: $? = 0
configure:3998: result: yes
configure:3998: checking for string.h
configure:3998: gcc -c -g -O2  conftest.c >&5
configure:3998: $? = 0
configure:3998: result: yes
configure:3998: checking for memory.h
configure:3998: gcc -c -g -O2  conftest.c >&5
configure:3998: $? = 0
configure:3998: result: yes
configure:3998: checking for strings.h
configure:3998: gcc -c -g -O2  conftest.c >&5
configure:3998: $? = 0
configure:3998: result: yes
configure:3998: checking for inttypes.h
configure:3998: gcc -c -g -O2  conftest.c >&5
configure:3998: $? = 0
configure:3998: result: yes
configure:3998: checking for stdint.h
configure:3998: gcc -c -g -O2  conftest.c >&5
configure:3998: $? = 0
configure:3998: result: yes
configure:3998: checking for unistd.h
configure:3998: gcc -c -g -O2  conftest.c >&5
configure:3998: $? = 0
configure:3998: result: yes
configure:4011: checking for HMAC in -lcrypto
configure:4036: gcc -o conftest -g -O2   conftest.c -lcrypto   >&5
configure:4036: $? = 0
configure:4045: result: yes
configure:4095: checking whether byte ordering is bigendian
configure:4110: gcc -c -g -O2 -Wall -Wunused   conftest.c >&5
configure:4110: $? = 0
configure:4155: gcc -c -g -O2 -Wall -Wunused   conftest.c >&5
configure:4155: $? = 0
configure:4173: gcc -c -g -O2 -Wall -Wunused   conftest.c >&5
conftest.c:29:4: error: use of undeclared identifier 'not'
                 not big endian
                 ^
1 error generated.
configure:4173: $? = 1
configure: failed program was:
| /* confdefs.h */
| #define PACKAGE_NAME "dns2tcp"
| #define PACKAGE_TARNAME "dns2tcp"
| #define PACKAGE_VERSION "0.5"
| #define PACKAGE_STRING "dns2tcp 0.5"
| #define PACKAGE_BUGREPORT ""
| #define PACKAGE_URL ""
| #define PACKAGE "dns2tcp"
| #define VERSION "0.5"
| #define STDC_HEADERS 1
| #define HAVE_SYS_TYPES_H 1
| #define HAVE_SYS_STAT_H 1
| #define HAVE_STDLIB_H 1
| #define HAVE_STRING_H 1
| #define HAVE_MEMORY_H 1
| #define HAVE_STRINGS_H 1
| #define HAVE_INTTYPES_H 1
| #define HAVE_STDINT_H 1
| #define HAVE_UNISTD_H 1
| #define HAVE_LIBCRYPTO 1
| /* end confdefs.h.  */
| #include <sys/types.h>
| 		#include <sys/param.h>
| 
| int
| main ()
| {
| #if BYTE_ORDER != BIG_ENDIAN
| 		 not big endian
| 		#endif
| 
|   ;
|   return 0;
| }
configure:4301: result: no
configure:4321: checking for sys/types.h
configure:4321: result: yes
configure:4331: checking for library containing gethostent
configure:4362: gcc -o conftest -g -O2 -Wall -Wunused    conftest.c -lcrypto  >&5
configure:4362: $? = 0
configure:4379: result: none required
configure:4387: checking for library containing setsockopt
configure:4418: gcc -o conftest -g -O2 -Wall -Wunused    conftest.c -lcrypto  >&5
configure:4418: $? = 0
configure:4435: result: none required
configure:4566: creating ./config.status

## ---------------------- ##
## Running config.status. ##
## ---------------------- ##

This file was extended by dns2tcp config.status 0.5, which was
generated by GNU Autoconf 2.64.  Invocation command line was

  CONFIG_FILES    = 
  CONFIG_HEADERS  = 
  CONFIG_LINKS    = 
  CONFIG_COMMANDS = 
  $ ./config.status 

on tummys-Mac.local

config.status:861: creating Makefile
config.status:861: creating client/Makefile
config.status:861: creating server/Makefile
config.status:861: creating man/Makefile
config.status:861: creating config.h
config.status:1081: executing depfiles commands

## ---------------- ##
## Cache variables. ##
## ---------------- ##

ac_cv_build=i386-apple-darwin13.0.0
ac_cv_c_bigendian=no
ac_cv_c_compiler_gnu=yes
ac_cv_env_CC_set=
ac_cv_env_CC_value=
ac_cv_env_CFLAGS_set=
ac_cv_env_CFLAGS_value=
ac_cv_env_CPPFLAGS_set=
ac_cv_env_CPPFLAGS_value=
ac_cv_env_CPP_set=
ac_cv_env_CPP_value=
ac_cv_env_LDFLAGS_set=
ac_cv_env_LDFLAGS_value=
ac_cv_env_LIBS_set=
ac_cv_env_LIBS_value=
ac_cv_env_build_alias_set=
ac_cv_env_build_alias_value=
ac_cv_env_host_alias_set=
ac_cv_env_host_alias_value=
ac_cv_env_target_alias_set=
ac_cv_env_target_alias_value=
ac_cv_header_inttypes_h=yes
ac_cv_header_memory_h=yes
ac_cv_header_stdc=yes
ac_cv_header_stdint_h=yes
ac_cv_header_stdlib_h=yes
ac_cv_header_string_h=yes
ac_cv_header_strings_h=yes
ac_cv_header_sys_stat_h=yes
ac_cv_header_sys_types_h=yes
ac_cv_header_unistd_h=yes
ac_cv_host=i386-apple-darwin13.0.0
ac_cv_lib_crypto_HMAC=yes
ac_cv_objext=o
ac_cv_path_EGREP='/usr/bin/grep -E'
ac_cv_path_GREP=/usr/bin/grep
ac_cv_path_install='/opt/local/bin/ginstall -c'
ac_cv_path_mkdir=/opt/local/bin/gmkdir
ac_cv_prog_AWK=gawk
ac_cv_prog_CPP='gcc -E'
ac_cv_prog_ac_ct_CC=gcc
ac_cv_prog_cc_c89=
ac_cv_prog_cc_g=yes
ac_cv_prog_make_make_set=yes
ac_cv_search_gethostent='none required'
ac_cv_search_setsockopt='none required'
am_cv_CC_dependencies_compiler_type=gcc3

## ----------------- ##
## Output variables. ##
## ----------------- ##

ACLOCAL='${SHELL} /Users/tummy/hackports/backdoors/dns2tcp/dns2tcp-0.5/missing --run aclocal-1.11'
AMDEPBACKSLASH='\'
AMDEP_FALSE='#'
AMDEP_TRUE=''
AMTAR='${SHELL} /Users/tummy/hackports/backdoors/dns2tcp/dns2tcp-0.5/missing --run tar'
AUTOCONF='${SHELL} /Users/tummy/hackports/backdoors/dns2tcp/dns2tcp-0.5/missing --run autoconf'
AUTOHEADER='${SHELL} /Users/tummy/hackports/backdoors/dns2tcp/dns2tcp-0.5/missing --run autoheader'
AUTOMAKE='${SHELL} /Users/tummy/hackports/backdoors/dns2tcp/dns2tcp-0.5/missing --run automake-1.11'
AWK='gawk'
CC='gcc'
CCDEPMODE='depmode=gcc3'
CFLAGS='-g -O2 -Wall -Wunused '
CPP='gcc -E'
CPPFLAGS=''
CYGPATH_W='echo'
DEFS='-DHAVE_CONFIG_H'
DEPDIR='.deps'
DIRECTORIES='server client'
ECHO_C='\c'
ECHO_N=''
ECHO_T=''
EGREP='/usr/bin/grep -E'
EXEEXT=''
GREP='/usr/bin/grep'
INSTALL_DATA='${INSTALL} -m 644'
INSTALL_PROGRAM='${INSTALL}'
INSTALL_SCRIPT='${INSTALL}'
INSTALL_STRIP_PROGRAM='$(install_sh) -c -s'
LDFLAGS=''
LIBOBJS=''
LIBS='-lcrypto '
LTLIBOBJS=''
MAKEINFO='${SHELL} /Users/tummy/hackports/backdoors/dns2tcp/dns2tcp-0.5/missing --run makeinfo'
MAN_PAGES='dns2tcpd.1 dns2tcpc.1'
MKDIR_P='/opt/local/bin/gmkdir -p'
OBJEXT='o'
PACKAGE='dns2tcp'
PACKAGE_BUGREPORT=''
PACKAGE_NAME='dns2tcp'
PACKAGE_STRING='dns2tcp 0.5'
PACKAGE_TARNAME='dns2tcp'
PACKAGE_URL=''
PACKAGE_VERSION='0.5'
PATH_SEPARATOR=':'
SET_MAKE=''
SHELL='/bin/sh'
STRIP=''
VERSION='0.5'
ac_ct_CC='gcc'
am__EXEEXT_FALSE=''
am__EXEEXT_TRUE='#'
am__fastdepCC_FALSE='#'
am__fastdepCC_TRUE=''
am__include='include'
am__isrc=''
am__leading_dot='.'
am__quote=''
am__tar='${AMTAR} chof - "$$tardir"'
am__untar='${AMTAR} xf -'
bindir='${exec_prefix}/bin'
build='i386-apple-darwin13.0.0'
build_alias=''
build_cpu='i386'
build_os='darwin13.0.0'
build_vendor='apple'
datadir='${datarootdir}'
datarootdir='${prefix}/share'
docdir='${datarootdir}/doc/${PACKAGE_TARNAME}'
dvidir='${docdir}'
exec_prefix='${prefix}'
host='i386-apple-darwin13.0.0'
host_alias=''
host_cpu='i386'
host_os='darwin13.0.0'
host_vendor='apple'
htmldir='${docdir}'
includedir='${prefix}/include'
infodir='${datarootdir}/info'
install_sh='${SHELL} /Users/tummy/hackports/backdoors/dns2tcp/dns2tcp-0.5/install-sh'
libdir='${exec_prefix}/lib'
libexecdir='${exec_prefix}/libexec'
localedir='${datarootdir}/locale'
localstatedir='${prefix}/var'
mandir='${datarootdir}/man'
mkdir_p='/opt/local/bin/gmkdir -p'
oldincludedir='/usr/include'
pdfdir='${docdir}'
prefix='/usr/local'
program_transform_name='s,x,x,'
psdir='${docdir}'
sbindir='${exec_prefix}/sbin'
sharedstatedir='${prefix}/com'
sysconfdir='${prefix}/etc'
target_alias=''

## ----------- ##
## confdefs.h. ##
## ----------- ##

/* confdefs.h */
#define PACKAGE_NAME "dns2tcp"
#define PACKAGE_TARNAME "dns2tcp"
#define PACKAGE_VERSION "0.5"
#define PACKAGE_STRING "dns2tcp 0.5"
#define PACKAGE_BUGREPORT ""
#define PACKAGE_URL ""
#define PACKAGE "dns2tcp"
#define VERSION "0.5"
#define STDC_HEADERS 1
#define HAVE_SYS_TYPES_H 1
#define HAVE_SYS_STAT_H 1
#define HAVE_STDLIB_H 1
#define HAVE_STRING_H 1
#define HAVE_MEMORY_H 1
#define HAVE_STRINGS_H 1
#define HAVE_INTTYPES_H 1
#define HAVE_STDINT_H 1
#define HAVE_UNISTD_H 1
#define HAVE_LIBCRYPTO 1
#define HAVE_SYS_TYPES_H 1

configure: exit 0
